#
# There is insufficient memory for the Java Runtime Environment to continue.
# Native memory allocation (malloc) failed to allocate 1446016 bytes for Chunk::new
# Possible reasons:
#   The system is out of physical RAM or swap space
#   In 32 bit mode, the process size limit was hit
# Possible solutions:
#   Reduce memory load on the system
#   Increase physical memory or swap space
#   Check if swap backing store is full
#   Use 64 bit Java on a 64 bit OS
#   Decrease Java heap size (-Xmx/-Xms)
#   Decrease number of Java threads
#   Decrease Java thread stack sizes (-Xss)
#   Set larger code cache with -XX:ReservedCodeCacheSize=
# This output file may be truncated or incomplete.
#
#  Out of Memory Error (allocation.cpp:390), pid=6008, tid=20240
#
# JRE version: Java(TM) SE Runtime Environment (8.0_77-b03) (build 1.8.0_77-b03)
# Java VM: Java HotSpot(TM) 64-Bit Server VM (25.77-b03 mixed mode windows-amd64 compressed oops)
# Failed to write core dump. Minidumps are not enabled by default on client versions of Windows
#

---------------  T H R E A D  ---------------

Current thread (0x000000001775e000):  JavaThread "C2 CompilerThread0" daemon [_thread_in_native, id=20240, stack(0x0000000018da0000,0x0000000018ea0000)]

Stack: [0x0000000018da0000,0x0000000018ea0000]
[error occurred during error reporting (printing stack bounds), id 0xc0000005]

Native frames: (J=compiled Java code, j=interpreted, Vv=VM code, C=native code)


Current CompileTask:
C2:   5014  844   !   4       Ecosystem.Territory::<init> (90 bytes)


---------------  P R O C E S S  ---------------

Java Threads: ( => current thread )
  0x000000001a445000 JavaThread "Image Fetcher 3" daemon [_thread_blocked, id=4288, stack(0x000000001abe0000,0x000000001ace0000)]
  0x0000000019467800 JavaThread "AWT-Windows" daemon [_thread_in_native, id=21440, stack(0x00000000199e0000,0x0000000019ae0000)]
  0x0000000019464000 JavaThread "Java2D Disposer" daemon [_thread_blocked, id=17196, stack(0x00000000197e0000,0x00000000198e0000)]
  0x00000000190c8800 JavaThread "Service Thread" daemon [_thread_blocked, id=21800, stack(0x00000000194a0000,0x00000000195a0000)]
  0x000000001776d800 JavaThread "C1 CompilerThread2" daemon [_thread_blocked, id=5148, stack(0x0000000018fa0000,0x00000000190a0000)]
  0x0000000017766800 JavaThread "C2 CompilerThread1" daemon [_thread_in_native, id=20032, stack(0x0000000018ea0000,0x0000000018fa0000)]
=>0x000000001775e000 JavaThread "C2 CompilerThread0" daemon [_thread_in_native, id=20240, stack(0x0000000018da0000,0x0000000018ea0000)]
  0x000000001775c000 JavaThread "Attach Listener" daemon [_thread_blocked, id=10504, stack(0x0000000018ca0000,0x0000000018da0000)]
  0x000000001775b000 JavaThread "Signal Dispatcher" daemon [_thread_blocked, id=17892, stack(0x0000000018ba0000,0x0000000018ca0000)]
  0x0000000002c2a800 JavaThread "Finalizer" daemon [_thread_blocked, id=16940, stack(0x00000000189b0000,0x0000000018ab0000)]
  0x0000000017729000 JavaThread "Reference Handler" daemon [_thread_blocked, id=18012, stack(0x00000000188b0000,0x00000000189b0000)]
  0x0000000002b30800 JavaThread "main" [_thread_in_native, id=18536, stack(0x0000000002a30000,0x0000000002b30000)]

Other Threads:
  0x0000000017727000 VMThread [stack: 0x00000000187b0000,0x00000000188b0000] [id=11072]
  0x00000000190e5800 WatcherThread [stack: 0x00000000195a0000,0x00000000196a0000] [id=19032]

VM state:not at safepoint (normal execution)

VM Mutex/Monitor currently owned by a thread: None

Heap:
 PSYoungGen      total 71680K, used 50182K [0x00000000d5f00000, 0x00000000daa00000, 0x0000000100000000)
  eden space 66560K, 67% used [0x00000000d5f00000,0x00000000d8b018d0,0x00000000da000000)
  from space 5120K, 100% used [0x00000000da500000,0x00000000daa00000,0x00000000daa00000)
  to   space 5120K, 0% used [0x00000000da000000,0x00000000da000000,0x00000000da500000)
 ParOldGen       total 87552K, used 50896K [0x0000000081c00000, 0x0000000087180000, 0x00000000d5f00000)
  object space 87552K, 58% used [0x0000000081c00000,0x0000000084db42a0,0x0000000087180000)
 Metaspace       used 9330K, capacity 9502K, committed 9728K, reserved 1058816K
  class space    used 1135K, capacity 1187K, committed 1280K, reserved 1048576K

Card table byte_map: [0x0000000011ff0000,0x00000000123f0000] byte_map_base: 0x0000000011be2000

Marking Bits: (ParMarkBitMap*) 0x0000000061070600
 Begin Bits: [0x0000000012aa0000, 0x0000000014a30000)
 End Bits:   [0x0000000014a30000, 0x00000000169c0000)

Polling page: 0x0000000002910000

CodeCache: size=245760Kb used=3282Kb max_used=3295Kb free=242477Kb
 bounds [0x0000000002c30000, 0x0000000002f70000, 0x0000000011c30000]
 total_blobs=1261 nmethods=843 adapters=331
 compilation: enabled

Compilation events (10 events):
Event: 4.890 Thread 0x000000001775e000 nmethod 839 0x0000000002f62110 code [0x0000000002f62280, 0x0000000002f62578]
Event: 4.890 Thread 0x000000001775e000  841  s    4       java.io.FileDescriptor::attach (73 bytes)
Event: 4.890 Thread 0x0000000017766800 nmethod 840 0x0000000002f61850 code [0x0000000002f619a0, 0x0000000002f61af8]
Event: 4.892 Thread 0x000000001775e000 nmethod 841 0x0000000002f5c450 code [0x0000000002f5c5a0, 0x0000000002f5c7d8]
Event: 4.901 Thread 0x0000000017766800  842       4       java.io.RandomAccessFile::<init> (258 bytes)
Event: 4.902 Thread 0x000000001775e000  843       4       javax.imageio.ImageTypeSpecifier::<init> (5 bytes)
Event: 4.902 Thread 0x000000001775e000 nmethod 843 0x0000000002e6a2d0 code [0x0000000002e6a400, 0x0000000002e6a458]
Event: 4.903 Thread 0x000000001775e000  844   !   4       Ecosystem.Territory::<init> (90 bytes)
Event: 4.911 Thread 0x0000000017766800 nmethod 842 0x0000000002f5d510 code [0x0000000002f5d6a0, 0x0000000002f5dd88]
Event: 4.911 Thread 0x0000000017766800  845   !   4       javax.imageio.ImageIO::createImageInputStream (107 bytes)

GC Heap History (10 events):
Event: 1.823 GC heap before
{Heap before GC invocations=2 (full 0):
 PSYoungGen      total 38400K, used 38368K [0x00000000d5f00000, 0x00000000d8980000, 0x0000000100000000)
  eden space 33280K, 100% used [0x00000000d5f00000,0x00000000d7f80000,0x00000000d7f80000)
  from space 5120K, 99% used [0x00000000d7f80000,0x00000000d8478020,0x00000000d8480000)
  to   space 5120K, 0% used [0x00000000d8480000,0x00000000d8480000,0x00000000d8980000)
 ParOldGen       total 87552K, used 3121K [0x0000000081c00000, 0x0000000087180000, 0x00000000d5f00000)
  object space 87552K, 3% used [0x0000000081c00000,0x0000000081f0c540,0x0000000087180000)
 Metaspace       used 9322K, capacity 9502K, committed 9728K, reserved 1058816K
  class space    used 1135K, capacity 1187K, committed 1280K, reserved 1048576K
Event: 1.830 GC heap after
Heap after GC invocations=2 (full 0):
 PSYoungGen      total 38400K, used 5120K [0x00000000d5f00000, 0x00000000d8980000, 0x0000000100000000)
  eden space 33280K, 0% used [0x00000000d5f00000,0x00000000d5f00000,0x00000000d7f80000)
  from space 5120K, 100% used [0x00000000d8480000,0x00000000d8980000,0x00000000d8980000)
  to   space 5120K, 0% used [0x00000000d7f80000,0x00000000d7f80000,0x00000000d8480000)
 ParOldGen       total 87552K, used 9702K [0x0000000081c00000, 0x0000000087180000, 0x00000000d5f00000)
  object space 87552K, 11% used [0x0000000081c00000,0x0000000082579bc0,0x0000000087180000)
 Metaspace       used 9322K, capacity 9502K, committed 9728K, reserved 1058816K
  class space    used 1135K, capacity 1187K, committed 1280K, reserved 1048576K
}
Event: 2.275 GC heap before
{Heap before GC invocations=3 (full 0):
 PSYoungGen      total 38400K, used 38400K [0x00000000d5f00000, 0x00000000d8980000, 0x0000000100000000)
  eden space 33280K, 100% used [0x00000000d5f00000,0x00000000d7f80000,0x00000000d7f80000)
  from space 5120K, 100% used [0x00000000d8480000,0x00000000d8980000,0x00000000d8980000)
  to   space 5120K, 0% used [0x00000000d7f80000,0x00000000d7f80000,0x00000000d8480000)
 ParOldGen       total 87552K, used 9702K [0x0000000081c00000, 0x0000000087180000, 0x00000000d5f00000)
  object space 87552K, 11% used [0x0000000081c00000,0x0000000082579bc0,0x0000000087180000)
 Metaspace       used 9326K, capacity 9502K, committed 9728K, reserved 1058816K
  class space    used 1135K, capacity 1187K, committed 1280K, reserved 1048576K
Event: 2.281 GC heap after
Heap after GC invocations=3 (full 0):
 PSYoungGen      total 38400K, used 5104K [0x00000000d5f00000, 0x00000000daa00000, 0x0000000100000000)
  eden space 33280K, 0% used [0x00000000d5f00000,0x00000000d5f00000,0x00000000d7f80000)
  from space 5120K, 99% used [0x00000000d7f80000,0x00000000d847c010,0x00000000d8480000)
  to   space 5120K, 0% used [0x00000000da500000,0x00000000da500000,0x00000000daa00000)
 ParOldGen       total 87552K, used 16681K [0x0000000081c00000, 0x0000000087180000, 0x00000000d5f00000)
  object space 87552K, 19% used [0x0000000081c00000,0x0000000082c4a440,0x0000000087180000)
 Metaspace       used 9326K, capacity 9502K, committed 9728K, reserved 1058816K
  class space    used 1135K, capacity 1187K, committed 1280K, reserved 1048576K
}
Event: 2.704 GC heap before
{Heap before GC invocations=4 (full 0):
 PSYoungGen      total 38400K, used 38384K [0x00000000d5f00000, 0x00000000daa00000, 0x0000000100000000)
  eden space 33280K, 100% used [0x00000000d5f00000,0x00000000d7f80000,0x00000000d7f80000)
  from space 5120K, 99% used [0x00000000d7f80000,0x00000000d847c010,0x00000000d8480000)
  to   space 5120K, 0% used [0x00000000da500000,0x00000000da500000,0x00000000daa00000)
 ParOldGen       total 87552K, used 16681K [0x0000000081c00000, 0x0000000087180000, 0x00000000d5f00000)
  object space 87552K, 19% used [0x0000000081c00000,0x0000000082c4a440,0x0000000087180000)
 Metaspace       used 9326K, capacity 9502K, committed 9728K, reserved 1058816K
  class space    used 1135K, capacity 1187K, committed 1280K, reserved 1048576K
Event: 2.710 GC heap after
Heap after GC invocations=4 (full 0):
 PSYoungGen      total 71680K, used 5088K [0x00000000d5f00000, 0x00000000daa00000, 0x0000000100000000)
  eden space 66560K, 0% used [0x00000000d5f00000,0x00000000d5f00000,0x00000000da000000)
  from space 5120K, 99% used [0x00000000da500000,0x00000000da9f8020,0x00000000daa00000)
  to   space 5120K, 0% used [0x00000000da000000,0x00000000da000000,0x00000000da500000)
 ParOldGen       total 87552K, used 23416K [0x0000000081c00000, 0x0000000087180000, 0x00000000d5f00000)
  object space 87552K, 26% used [0x0000000081c00000,0x00000000832de000,0x0000000087180000)
 Metaspace       used 9326K, capacity 9502K, committed 9728K, reserved 1058816K
  class space    used 1135K, capacity 1187K, committed 1280K, reserved 1048576K
}
Event: 3.574 GC heap before
{Heap before GC invocations=5 (full 0):
 PSYoungGen      total 71680K, used 71648K [0x00000000d5f00000, 0x00000000daa00000, 0x0000000100000000)
  eden space 66560K, 100% used [0x00000000d5f00000,0x00000000da000000,0x00000000da000000)
  from space 5120K, 99% used [0x00000000da500000,0x00000000da9f8020,0x00000000daa00000)
  to   space 5120K, 0% used [0x00000000da000000,0x00000000da000000,0x00000000da500000)
 ParOldGen       total 87552K, used 23416K [0x0000000081c00000, 0x0000000087180000, 0x00000000d5f00000)
  object space 87552K, 26% used [0x0000000081c00000,0x00000000832de000,0x0000000087180000)
 Metaspace       used 9327K, capacity 9502K, committed 9728K, reserved 1058816K
  class space    used 1135K, capacity 1187K, committed 1280K, reserved 1048576K
Event: 3.583 GC heap after
Heap after GC invocations=5 (full 0):
 PSYoungGen      total 71680K, used 5120K [0x00000000d5f00000, 0x00000000daa00000, 0x0000000100000000)
  eden space 66560K, 0% used [0x00000000d5f00000,0x00000000d5f00000,0x00000000da000000)
  from space 5120K, 100% used [0x00000000da000000,0x00000000da500000,0x00000000da500000)
  to   space 5120K, 0% used [0x00000000da500000,0x00000000da500000,0x00000000daa00000)
 ParOldGen       total 87552K, used 37171K [0x0000000081c00000, 0x0000000087180000, 0x00000000d5f00000)
  object space 87552K, 42% used [0x0000000081c00000,0x000000008404cc40,0x0000000087180000)
 Metaspace       used 9327K, capacity 9502K, committed 9728K, reserved 1058816K
  class space    used 1135K, capacity 1187K, committed 1280K, reserved 1048576K
}
Event: 4.424 GC heap before
{Heap before GC invocations=6 (full 0):
 PSYoungGen      total 71680K, used 71680K [0x00000000d5f00000, 0x00000000daa00000, 0x0000000100000000)
  eden space 66560K, 100% used [0x00000000d5f00000,0x00000000da000000,0x00000000da000000)
  from space 5120K, 100% used [0x00000000da000000,0x00000000da500000,0x00000000da500000)
  to   space 5120K, 0% used [0x00000000da500000,0x00000000da500000,0x00000000daa00000)
 ParOldGen       total 87552K, used 37171K [0x0000000081c00000, 0x0000000087180000, 0x00000000d5f00000)
  object space 87552K, 42% used [0x0000000081c00000,0x000000008404cc40,0x0000000087180000)
 Metaspace       used 9329K, capacity 9502K, committed 9728K, reserved 1058816K
  class space    used 1135K, capacity 1187K, committed 1280K, reserved 1048576K
Event: 4.433 GC heap after
Heap after GC invocations=6 (full 0):
 PSYoungGen      total 71680K, used 5120K [0x00000000d5f00000, 0x00000000daa00000, 0x0000000100000000)
  eden space 66560K, 0% used [0x00000000d5f00000,0x00000000d5f00000,0x00000000da000000)
  from space 5120K, 100% used [0x00000000da500000,0x00000000daa00000,0x00000000daa00000)
  to   space 5120K, 0% used [0x00000000da000000,0x00000000da000000,0x00000000da500000)
 ParOldGen       total 87552K, used 50896K [0x0000000081c00000, 0x0000000087180000, 0x00000000d5f00000)
  object space 87552K, 58% used [0x0000000081c00000,0x0000000084db42a0,0x0000000087180000)
 Metaspace       used 9329K, capacity 9502K, committed 9728K, reserved 1058816K
  class space    used 1135K, capacity 1187K, committed 1280K, reserved 1048576K
}

Deoptimization events (1 events):
Event: 1.676 Thread 0x0000000019464800 Uncommon trap: reason=unstable_if action=reinterpret pc=0x0000000002f1bc24 method=java.util.HashMap.keySet()Ljava/util/Set; @ 6

Internal exceptions (10 events):
Event: 0.095 Thread 0x0000000002b30800 Exception <a 'java/lang/NoSuchMethodError': Method sun.misc.Unsafe.prefetchRead(Ljava/lang/Object;J)V name or signature does not match> (0x00000000d5f07fa8) thrown at [D:\re\workspace\8-2-build-windows-amd64-cygwin\jdk8u77\6540\hotspot\src\share\vm\prims\j(
cò¢ÂÐ?
Event: 0.262 Thread 0x0000000002b30800 Exception <a 'java/security/PrivilegedActionException'> (0x00000000d5f8f338) thrown at [D:\re\workspace\8-2-build-windows-amd64-cygwin\jdk8u77\6540\hotspot\src\share\vm\prims\jvm.cpp, line 1386]
Event: 0.262 Thread 0x0000000002b30800 Exception <a 'java/security/PrivilegedActionException'> (0x00000000d5f8f548) thrown at [D:\re\workspace\8-2-build-windows-amd64-cygwin\jdk8u77\6540\hotspot\src\share\vm\prims\jvm.cpp, line 1386]
Event: 0.263 Thread 0x0000000002b30800 Exception <a 'java/security/PrivilegedActionException'> (0x00000000d5f91ca0) thrown at [D:\re\workspace\8-2-build-windows-amd64-cygwin\jdk8u77\6540\hotspot\src\share\vm\prims\jvm.cpp, line 1386]
Event: 0.263 Thread 0x0000000002b30800 Exception <a 'java/security/PrivilegedActionException'> (0x00000000d5f91eb0) thrown at [D:\re\workspace\8-2-build-windows-amd64-cygwin\jdk8u77\6540\hotspot\src\share\vm\prims\jvm.cpp, line 1386]
Event: 0.288 Thread 0x0000000002b30800 Exception <a 'java/io/FileNotFoundException'> (0x00000000d5f98768) thrown at [D:\re\workspace\8-2-build-windows-amd64-cygwin\jdk8u77\6540\hotspot\src\share\vm\prims\jni.cpp, line 709]
Event: 0.358 Thread 0x0000000002b30800 Exception <a 'java/lang/NoSuchFieldError': method resolution failed> (0x00000000d610c760) thrown at [D:\re\workspace\8-2-build-windows-amd64-cygwin\jdk8u77\6540\hotspot\src\share\vm\prims\methodHandles.cpp, line 1146]
Event: 0.360 Thread 0x0000000002b30800 Exception <a 'java/lang/NoSuchFieldError': method resolution failed> (0x00000000d6119b30) thrown at [D:\re\workspace\8-2-build-windows-amd64-cygwin\jdk8u77\6540\hotspot\src\share\vm\prims\methodHandles.cpp, line 1146]
Event: 0.488 Thread 0x0000000002b30800 Exception <a 'java/io/FileNotFoundException'> (0x00000000d61fd450) thrown at [D:\re\workspace\8-2-build-windows-amd64-cygwin\jdk8u77\6540\hotspot\src\share\vm\prims\jni.cpp, line 709]
Event: 1.676 Thread 0x0000000019464800 Implicit null exception at 0x0000000002f1b908 to 0x0000000002f1bc11

Events (10 events):
Event: 2.704 Executing VM operation: ParallelGCFailedAllocation
Event: 2.710 Executing VM operation: ParallelGCFailedAllocation done
Event: 3.574 Executing VM operation: ParallelGCFailedAllocation
Event: 3.583 Executing VM operation: ParallelGCFailedAllocation done
Event: 4.259 Executing VM operation: EnableBiasedLocking
Event: 4.260 Executing VM operation: EnableBiasedLocking done
Event: 4.424 Executing VM operation: ParallelGCFailedAllocation
Event: 4.433 Executing VM operation: ParallelGCFailedAllocation done
Event: 4.902 loading class javax/imageio/ImageTypeSpecifier$1
Event: 4.902 loading class javax/imageio/ImageTypeSpecifier$1 done


Dynamic libraries:
0x00007ff6c7160000 - 0x00007ff6c7197000 	C:\Apps\Java\jre1.8.0_77\bin\javaw.exe
0x00007fff9e240000 - 0x00007fff9e421000 	C:\WINDOWS\SYSTEM32\ntdll.dll
0x00007fff6cd00000 - 0x00007fff6cd12000 	C:\Program Files (x86)\AVG\Antivirus\aswhook.dll
0x00007fff9d050000 - 0x00007fff9d102000 	C:\WINDOWS\System32\KERNEL32.DLL
0x00007fff9a610000 - 0x00007fff9a883000 	C:\WINDOWS\System32\KERNELBASE.dll
0x00007fff9da00000 - 0x00007fff9daa1000 	C:\WINDOWS\System32\ADVAPI32.dll
0x00007fff9b7c0000 - 0x00007fff9b85e000 	C:\WINDOWS\System32\msvcrt.dll
0x00007fff9cff0000 - 0x00007fff9d04b000 	C:\WINDOWS\System32\sechost.dll
0x00007fff9e0e0000 - 0x00007fff9e204000 	C:\WINDOWS\System32\RPCRT4.dll
0x00007fff9df20000 - 0x00007fff9e0b0000 	C:\WINDOWS\System32\USER32.dll
0x00007fff9b420000 - 0x00007fff9b440000 	C:\WINDOWS\System32\win32u.dll
0x00007fff9def0000 - 0x00007fff9df18000 	C:\WINDOWS\System32\GDI32.dll
0x00007fff9b4e0000 - 0x00007fff9b672000 	C:\WINDOWS\System32\gdi32full.dll
0x00007fff9b440000 - 0x00007fff9b4df000 	C:\WINDOWS\System32\msvcp_win.dll
0x00007fff9b270000 - 0x00007fff9b36a000 	C:\WINDOWS\System32\ucrtbase.dll
0x00007fff84180000 - 0x00007fff843e9000 	C:\WINDOWS\WinSxS\amd64_microsoft.windows.common-controls_6595b64144ccf1df_6.0.17134.523_none_fb409dd930672a56\COMCTL32.dll
0x00007fff9dab0000 - 0x00007fff9ddd2000 	C:\WINDOWS\System32\combase.dll
0x00007fff9afa0000 - 0x00007fff9b01a000 	C:\WINDOWS\System32\bcryptPrimitives.dll
0x00007fff9e0b0000 - 0x00007fff9e0dd000 	C:\WINDOWS\System32\IMM32.DLL
0x00000000610f0000 - 0x00000000611c2000 	C:\Apps\Java\jre1.8.0_77\bin\msvcr100.dll
0x0000000060860000 - 0x00000000610f0000 	C:\Apps\Java\jre1.8.0_77\bin\server\jvm.dll
0x00007fff9d890000 - 0x00007fff9d898000 	C:\WINDOWS\System32\PSAPI.DLL
0x00007fff8e140000 - 0x00007fff8e149000 	C:\WINDOWS\SYSTEM32\WSOCK32.dll
0x00007fff9d7b0000 - 0x00007fff9d81c000 	C:\WINDOWS\System32\WS2_32.dll
0x00007fff97910000 - 0x00007fff97933000 	C:\WINDOWS\SYSTEM32\WINMM.dll
0x00007fff8d140000 - 0x00007fff8d14a000 	C:\WINDOWS\SYSTEM32\VERSION.dll
0x00007fff978e0000 - 0x00007fff9790a000 	C:\WINDOWS\SYSTEM32\WINMMBASE.dll
0x00007fff9b680000 - 0x00007fff9b6c9000 	C:\WINDOWS\System32\cfgmgr32.dll
0x0000000061c60000 - 0x0000000061c6f000 	C:\Apps\Java\jre1.8.0_77\bin\verify.dll
0x0000000060830000 - 0x0000000060859000 	C:\Apps\Java\jre1.8.0_77\bin\java.dll
0x0000000060810000 - 0x0000000060826000 	C:\Apps\Java\jre1.8.0_77\bin\zip.dll
0x00007fff9bb10000 - 0x00007fff9cf50000 	C:\WINDOWS\System32\SHELL32.dll
0x00007fff9b860000 - 0x00007fff9b909000 	C:\WINDOWS\System32\shcore.dll
0x00007fff9a890000 - 0x00007fff9af9d000 	C:\WINDOWS\System32\windows.storage.dll
0x00007fff9bab0000 - 0x00007fff9bb01000 	C:\WINDOWS\System32\shlwapi.dll
0x00007fff9a5d0000 - 0x00007fff9a5e1000 	C:\WINDOWS\System32\kernel.appcore.dll
0x00007fff9a550000 - 0x00007fff9a56f000 	C:\WINDOWS\System32\profapi.dll
0x00007fff9a570000 - 0x00007fff9a5bc000 	C:\WINDOWS\System32\powrprof.dll
0x00007fff9a5c0000 - 0x00007fff9a5ca000 	C:\WINDOWS\System32\FLTLIB.DLL
0x0000000060670000 - 0x0000000060808000 	C:\Apps\Java\jre1.8.0_77\bin\awt.dll
0x00007fff9d6e0000 - 0x00007fff9d7a2000 	C:\WINDOWS\System32\OLEAUT32.dll
0x00007fff98100000 - 0x00007fff9818b000 	C:\WINDOWS\SYSTEM32\apphelp.dll
0x00007fff98340000 - 0x00007fff983d8000 	C:\WINDOWS\system32\uxtheme.dll
0x00007fff9d560000 - 0x00007fff9d6d3000 	C:\WINDOWS\System32\MSCTF.dll
0x00007fff987d0000 - 0x00007fff987f9000 	C:\WINDOWS\system32\dwmapi.dll
0x00007fff9d8a0000 - 0x00007fff9d9f1000 	C:\WINDOWS\System32\ole32.dll
0x0000000060620000 - 0x0000000060667000 	C:\Apps\Java\jre1.8.0_77\bin\fontmanager.dll
0x0000000060600000 - 0x000000006061a000 	C:\Apps\Java\jre1.8.0_77\bin\net.dll
0x00007fff99d70000 - 0x00007fff99dd6000 	C:\WINDOWS\system32\mswsock.dll
0x00000000605e0000 - 0x00000000605f1000 	C:\Apps\Java\jre1.8.0_77\bin\nio.dll
0x0000000060590000 - 0x00000000605d2000 	C:\Apps\Java\jre1.8.0_77\bin\t2k.dll

VM Arguments:
jvm_args: -Dfile.encoding=Cp1252 
java_command: GUI.Game
java_class_path (initial): C:\Data\Justin\Grade 11\ICS\Summative\EvoSim\bin
Launcher Type: SUN_STANDARD

Environment Variables:
JAVA_HOME=C:\Program Files\Java\jdk1.8.0_144
PATH=C:/Program Files/Java/jre1.8.0_144/bin/server;C:/Program Files/Java/jre1.8.0_144/bin;C:/Program Files/Java/jre1.8.0_144/lib/amd64;C:\ProgramData\Oracle\Java\javapath;C:\Program Files (x86)\Intel\iCLS Client\;C:\Program Files\Intel\iCLS Client\;C:\WINDOWS\system32;C:\WINDOWS;C:\WINDOWS\System32\Wbem;C:\WINDOWS\System32\WindowsPowerShell\v1.0\;C:\Program Files (x86)\Intel\Intel(R) Management Engine Components\DAL;C:\Program Files\Intel\Intel(R) Management Engine Components\DAL;C:\Program Files (x86)\Intel\Intel(R) Management Engine Components\IPT;C:\Program Files\Intel\Intel(R) Management Engine Components\IPT;C:\Users\Justin\.dnx\bin;C:\Program Files\Microsoft DNX\Dnvm\;C:\Program Files\Microsoft SQL Server\120\Tools\Binn\;C:\Program Files\Microsoft SQL Server\130\Tools\Binn\;C:\Program Files (x86)\Skype\Phone\;C:\Program Files (x86)\IVI Foundation\VISA\WinNT\Bin;C:\WINDOWS\System32\OpenSSH\;C:\MinGW\bin;C:\Program Files\Git\cmd;C:\Program Files\Java\jdk1.8.0_144\bin;C:\Program Files\Java\jre1.8.0_144\bin;C:\Users\Justin\AppData\Local\Microsoft\WindowsApps;;C:\Users\Justin\AppData\Local\Programs\Microsoft VS Code\bin;C:\Apps\eclipse;
USERNAME=Justin
OS=Windows_NT
PROCESSOR_IDENTIFIER=Intel64 Family 6 Model 78 Stepping 3, GenuineIntel



---------------  S Y S T E M  ---------------

OS: Windows 10.0 , 64 bit Build 17134 (10.0.17134.1)

CPU:total 4 (2 cores per cpu, 2 threads per core) family 6 model 78 stepping 3, cmov, cx8, fxsr, mmx, sse, sse2, sse3, ssse3, sse4.1, sse4.2, popcnt, avx, avx2, aes, clmul, erms, 3dnowpref, lzcnt, ht, tsc, tscinvbit, bmi1, bmi2, adx

Memory: 4k page, physical 8268956k(2310700k free), swap 33434660k(3424k free)

vm_info: Java HotSpot(TM) 64-Bit Server VM (25.77-b03) for windows-amd64 JRE (1.8.0_77-b03), built on Mar 20 2016 22:01:33 by "java_re" with MS VC++ 10.0 (VS2010)

time: Wed Jan 23 16:10:56 2019
elapsed time: 5 seconds (0d 0h 0m 5s)

